<?xml version="1.0" encoding="UTF-8"?>
<!-- Generated by org.testng.reporters.JUnitReportReporter -->
<testsuite skipped="0" hostname="Mane-PC" name="test.operations.FindBrokenLinksExample" tests="1" failures="0" timestamp="28 Nov 2017 13:04:07 GMT" time="51.473" errors="0">
  <testcase name="validateInvalidLinks" time="51.473" classname="test.operations.FindBrokenLinksExample"/>
</testsuite> <!-- test.operations.FindBrokenLinksExample -->
