<?xml version="1.0" encoding="UTF-8"?>
<!-- Generated by org.testng.reporters.JUnitReportReporter -->
<testsuite skipped="0" hostname="Mane-PC" name="test.main.TestMain" tests="1" failures="0" timestamp="23 Nov 2017 13:49:58 GMT" time="24.081" errors="0">
  <testcase name="LinkedInLogin" time="24.081" classname="test.main.TestMain"/>
</testsuite> <!-- test.main.TestMain -->
